
[CMD] /home/fzliang/Autism-project/miniconda3/envs/autism_reid/bin/python tools/demo_track.py video --path /data/fzliang/totalcapture/acting1/TC_S1_acting1_cam1.mp4 --save_result -f /home/fzliang/Autism-project/third-party/ByteTrack/exps/example/mot/yolox_x_mix_det.py -c /home/fzliang/ByteTrack/pretrained/bytetrack_x_mot17.pth.tar --device gpu --conf 0.1 --nms 0.7 --tsize 640 --track_thresh 0.5 --track_buffer 30 --match_thresh 0.8 --min_box_area 10.0 --aspect_ratio_thresh 1.6
[CWD] /home/fzliang/Autism-project/third-party/ByteTrack
Traceback (most recent call last):
  File "/home/fzliang/Autism-project/src/data/cli/run_video_skeleton_pipeline.py", line 451, in <module>
    main()
  File "/home/fzliang/Autism-project/src/data/cli/run_video_skeleton_pipeline.py", line 447, in main
    run_single(video_path, args, results_root)
  File "/home/fzliang/Autism-project/src/data/cli/run_video_skeleton_pipeline.py", line 360, in run_single
    run_cmd(cmd_bt, cwd=bytetrack_root, env=env_bt, dry_run=args.dry_run)
  File "/home/fzliang/Autism-project/src/data/cli/run_video_skeleton_pipeline.py", line 26, in run_cmd
    subprocess.run(cmd, check=True, cwd=str(cwd) if cwd else None, env=env)
  File "/home/fzliang/miniconda3/envs/autism_reid/lib/python3.10/subprocess.py", line 503, in run
    with Popen(*popenargs, **kwargs) as process:
  File "/home/fzliang/miniconda3/envs/autism_reid/lib/python3.10/subprocess.py", line 971, in __init__
    self._execute_child(args, executable, preexec_fn, close_fds,
  File "/home/fzliang/miniconda3/envs/autism_reid/lib/python3.10/subprocess.py", line 1863, in _execute_child
    raise child_exception_type(errno_num, err_msg, err_filename)
FileNotFoundError: [Errno 2] No such file or directory: '/home/fzliang/Autism-project/miniconda3/envs/autism_reid/bin/python'
[RUN] /home/fzliang/miniconda3/envs/autism_reid/bin/python /home/fzliang/Autism-project/src/data/cli/run_video_skeleton_pipeline.py --manifest_csv /home/fzliang/despite/totalcapture/outputs/totalcapture_manifest.csv --limit 1 --gpu 0 --results_root /home/fzliang/Autism-project/data/interim/video_pipeline_outputs --tracking_mode bytetrack_external --alphapose_root /home/fzliang/Autism-project/third-party/AlphaPose --alphapose_python /home/fzliang/Autism-project/miniconda3/envs/autism_reid/bin/python --alphapose_cfg configs/coco/resnet/256x192_res50_lr1e-3_1x.yaml --alphapose_ckpt /home/fzliang/Autism-project/third-party/AlphaPose/pretrained_models/fast_res50_256x192.pth --pose_track_backend bytetrack --bytetrack_root /home/fzliang/Autism-project/third-party/ByteTrack --bytetrack_python /home/fzliang/Autism-project/miniconda3/envs/autism_reid/bin/python --bytetrack_ckpt /home/fzliang/ByteTrack/pretrained/bytetrack_x_mot17.pth.tar
Traceback (most recent call last):
  File "/home/fzliang/Autism-project/run_skeleton_pipeline.py", line 92, in <module>
    main()
  File "/home/fzliang/Autism-project/run_skeleton_pipeline.py", line 88, in main
    subprocess.run(cmd, check=True)
  File "/home/fzliang/miniconda3/envs/autism_reid/lib/python3.10/subprocess.py", line 526, in run
    raise CalledProcessError(retcode, process.args,
subprocess.CalledProcessError: Command '['/home/fzliang/miniconda3/envs/autism_reid/bin/python', '/home/fzliang/Autism-project/src/data/cli/run_video_skeleton_pipeline.py', '--manifest_csv', '/home/fzliang/despite/totalcapture/outputs/totalcapture_manifest.csv', '--limit', '1', '--gpu', '0', '--results_root', '/home/fzliang/Autism-project/data/interim/video_pipeline_outputs', '--tracking_mode', 'bytetrack_external', '--alphapose_root', '/home/fzliang/Autism-project/third-party/AlphaPose', '--alphapose_python', '/home/fzliang/Autism-project/miniconda3/envs/autism_reid/bin/python', '--alphapose_cfg', 'configs/coco/resnet/256x192_res50_lr1e-3_1x.yaml', '--alphapose_ckpt', '/home/fzliang/Autism-project/third-party/AlphaPose/pretrained_models/fast_res50_256x192.pth', '--pose_track_backend', 'bytetrack', '--bytetrack_root', '/home/fzliang/Autism-project/third-party/ByteTrack', '--bytetrack_python', '/home/fzliang/Autism-project/miniconda3/envs/autism_reid/bin/python', '--bytetrack_ckpt', '/home/fzliang/ByteTrack/pretrained/bytetrack_x_mot17.pth.tar']' returned non-zero exit status 1.
